start: q1
accept: Sa
reject: Sr
blank: #
q1 # -> q2 # >
q1 + -> q2 # >
q1 0 -> q1 0 >
q1 1 -> q1 1 >
q1 Pr -> q1 Pr >
q1 Cr -> q1 Cr >
q2 # -> q3 # <
q2 0 -> q2 0 >
q2 1 -> q2 1 >
q3 # -> q9 # <
q3 0 -> q4 # <
q3 1 -> q6 # <
q4 # -> q5 # <
q4 0 -> q4 0 <
q4 1 -> q4 1 <
q5 # -> q1 Pr >
q5 0 -> q1 Pr >
q5 1 -> q1 Cr >
q5 Pr -> q5 Pr <
q5 Cr -> q5 Cr <
q6 # -> q7 # <
q6 0 -> q6 0 <
q6 1 -> q6 1 <
q7 # -> q1 Cr >
q7 0 -> q1 Cr >
q7 1 -> q8 Pr <
q7 Pr -> q7 Pr <
q7 Cr -> q7 Cr <
q8 # -> q1 1 >
q8 0 -> q1 1 >
q8 1 -> q8 0 <
q9 # -> Sa # >
q9 0 -> q10 0 <
q9 1 -> q10 1 <
q9 Pr -> q9 0 <
q9 Cr -> q9 1 <
q10 # -> Sa # >
q10 0 -> q10 0 <
q10 1 -> q10 1 <
