start: q0
accept: Sa
reject: Sr
blank: #
q0 # -> Sa # ^
q0 0 -> q1 0 <
q0 1 -> q1 1 <
q0 2 -> q1 2 <
q1 # -> q2 # <
q2 # -> q3 0 >
q3 # -> q4 # >
q4 # -> q5 # <
q4 0 -> q4 0 >
q4 1 -> q4 1 >
q4 2 -> q4 2 >
q5 0 -> q7 2 <
q5 1 -> q6 0 <
q5 2 -> q6 1 <
q6 # -> q8 # <
q6 0 -> q6 0 <
q6 1 -> q6 1 <
q6 2 -> q6 2 <
q7 # -> q9 # >
q7 0 -> q7 2 <
q7 1 -> q6 0 <
q7 2 -> q6 1 <
q8 0 -> q3 1 >
q8 1 -> q12 0 <
q9 2 -> q9 # >
q9 # -> q10 # <
q10 # -> q10 # <
q10 0 -> q11 0 <
q10 1 -> q11 1 <
q11 0 -> q11 0 <
q11 1 -> q11 1 <
q11 # -> Sa # >
q12 # -> q13 1 >
q12 0 -> q13 1 >
q12 1 -> q12 0 <
q13 0 -> q13 0 >
q13 1 -> q13 1 >
q13 # -> q4 # >
