start: q20
accept: Sa
reject: Sr
blank: #
q20 0 -> q20 0 >
q20 1 -> q20 1 >
q20 Pr -> q21 Pr <
q20 Cr -> q21 Cr <
q20 # -> q21 x <
q20 * -> q21 * <
q21 0 -> q22 Pr <
q21 1 -> q23 Cr <
q21 # -> q26 # >
q22 0 -> q22 0 <
q22 1 -> q22 1 <
q22 # -> q24 # <
q23 0 -> q23 0 <
q23 1 -> q23 1 <
q23 # -> q25 # <
q24 0 -> q24 0 <
q24 1 -> q24 1 <
q24 # -> q27 0 >
q25 0 -> q25 0 <
q25 1 -> q25 1 <
q25 # -> q27 1 >
q26 Pr -> q26 0 >
q26 Cr -> q26 1 >
q26 # -> q28 # <
q26 * -> q28 * <
q26 x -> q28 x <
q27 0 -> q27 0 >
q27 1 -> q27 1 >
q27 # -> q27 # >
q27 Pr -> q21 Pr <
q27 Cr -> q21 Cr <
q28 0 -> q28 0 <
q28 1 -> q28 1 <
q28 # -> q29 * <
q29 0 -> q30 1 <
q29 1 -> q31 0 <
q30 0 -> q32 1 <
q30 1 -> q33 0 <
q30 # -> q35 # >
q31 0 -> q20 0 >
q31 1 -> q20 1 >
q31 # -> q35 # >
q32 0 -> q32 1 <
q32 1 -> q33 0 <
q33 0 -> q33 0 <
q33 1 -> q33 1 <
q33 # -> q34 # >
q34 0 -> q34 # >
q34 1 -> q20 1 >
q35 0 -> q35 # >
q35 1 -> q35 # >
q35 * -> q0 # >
q36 # -> q36 # >
q36 Pr -> q36 Pr >
q36 Cr -> q36 Cr >
q36 * -> q39 * <
q36 x -> q44 # <
q36 0 -> q39 0 <
q36 1 -> q39 1 <
q37 # -> q37 # >
q37 Pr -> q37 Pr >
q37 Cr -> q37 Cr >
q37 * -> q40 * <
q37 x -> q44 # <
q37 0 -> q40 0 <
q37 1 -> q40 1 <
q38 Pr -> q38 # >
q38 Cr -> q38 # >
q38 # -> q38 # >
q38 1 -> q0 1 ^
q39 # -> q41 0 <
q40 # -> q41 1 <
q41 # -> q41 # <
q41 Pr -> q8 Pr <
q41 Cr -> q8 Cr <
q43 0 -> q43 0 <
q43 1 -> q43 1 <
q43 # -> Sa # >
q44 # -> q44 # <
q44 Pr -> q43 0 <
q44 Cr -> q43 1 <
q0 0 -> q0 0 >
q0 1 -> q0 1 >
q0 * -> q42 * >
q42 0 -> q42 0 >
q42 1 -> q42 1 >
q42 # -> q1 # <
q42 * -> q1 * <
q42 x -> q1 x <
q0 # -> q43 # <
q0 x -> q43 # <
q1 0 -> q2 1 <
q1 1 -> q3 0 <
q2 0 -> q2 1 <
q2 1 -> q3 0 <
q2 * -> q4 * >
q3 0 -> q3 0 <
q3 1 -> q3 1 <
q3 * -> q12 * <
q4 0 -> q4 0 >
q4 1 -> q4 1 >
q4 # -> q6 # <
q4 * -> q6 * <
q4 x -> q6 x <
q5 0 -> q5 0 >
q5 1 -> q5 1 >
q5 # -> q19 # >
q6 0 -> q6 # <
q6 1 -> q6 # <
q6 * -> q6 # <
q6 # -> q8 # <
q8 0 -> q36 Pr >
q8 1 -> q37 Cr >
q8 Pr -> q8 Pr <
q8 Cr -> q8 Cr <
q8 # -> q38 # >
q10 # -> q11 # >
q10 0 -> q10 0 >
q10 1 -> q10 1 >
q10 Pr -> q10 Pr >
q10 Cr -> q10 Cr >
q11 Pr -> q12 Pr <
q11 Cr -> q12 Cr <
q11 * -> q12 * <
q11 0 -> q11 0 >
q11 1 -> q11 1 >
q12 # -> q18 # <
q12 0 -> q13 Pr <
q12 1 -> q15 Cr <
q13 # -> q14 # <
q13 0 -> q13 0 <
q13 1 -> q13 1 <
q14 # -> q10 Pr >
q14 0 -> q10 Pr >
q14 1 -> q10 Cr >
q14 Pr -> q14 Pr <
q14 Cr -> q14 Cr <
q15 # -> q16 # <
q15 0 -> q15 0 <
q15 1 -> q15 1 <
q16 # -> q10 Cr >
q16 0 -> q10 Cr >
q16 1 -> q17 Pr <
q16 Pr -> q16 Pr <
q16 Cr -> q16 Cr <
q17 # -> q10 1 >
q17 0 -> q10 1 >
q17 1 -> q17 0 <
q18 # -> q5 # >
q18 0 -> q5 0 >
q18 1 -> q5 1 >
q18 Pr -> q18 0 <
q18 Cr -> q18 1 <
q19 Pr -> q19 0 >
q19 Cr -> q19 1 >
q19 * -> q42 * >
