2
S 0 _ -> S _ > 0 >
S 1 _ -> S _ > 1 >
S a _ -> q0 _ > _ <
S o _ -> S _ > _ ^
S ( _ -> S _ > A >
S ) _ -> q1 _ ^ _ <
S _ _ -> q1 _ ^ _ <
q0 0 0 -> S _ > 0 >
q0 0 1 -> S _ > 0 >
q0 1 0 -> S _ > 0 >
q0 1 1 -> S _ > 1 >
q0 ( 0 -> q5 _ ^ 0 >
q0 ( 1 -> q5 _ ^ 1 >
q1 _ 0 -> q1 _ ^ _ <
q1 _ 1 -> q2 _ ^ _ <
q1 _ A -> S _ > 0 >
q1 _ B -> q3 _ ^ _ <
q1 _ _ -> AC 0 ^ _ ^
q2 _ 0 -> q2 _ ^ _ <
q2 _ A -> S _ > 1 >
q2 _ 1 -> q2 _ ^ _ <
q2 _ _ -> AC 1 ^ _ ^
q2 _ B -> q4 _ ^ _ <
q3 _ 0 -> S _ > 0 >
q3 _ 1 -> S _ > 0 >
q4 _ 0 -> S _ > 0 >
q4 _ 1 -> S _ > 1 >
q5 _ _ -> S _ > B >
