start: q0
accept: Sa
reject: Sr
blank: #
q0 0 -> q0 0 >
q0 1 -> q0 1 >
q0 * -> q0 * >
q0 # -> q1 # <
q1 0 -> q2 1 <
q1 1 -> q3 0 <
q2 0 -> q2 1 <
q2 1 -> q3 0 <
q2 * -> q4 * >
q3 0 -> q3 0 <
q3 1 -> q3 1 <
q3 * -> q12 * <
q4 0 -> q4 0 >
q4 1 -> q4 1 >
q4 # -> q6 # <
q5 0 -> q5 0 >
q5 1 -> q5 1 >
q5 # -> q19 # >
q6 0 -> q6 # <
q6 1 -> q6 # <
q6 * -> q6 # <
q6 # -> q7 # <
q7 # -> Sa 0 ^
q7 0 -> q8 0 <
q7 1 -> q8 1 <
q8 0 -> q8 0 <
q8 1 -> q8 1 <
q8 # -> Sa # >
q10 # -> q11 # >
q10 0 -> q10 0 >
q10 1 -> q10 1 >
q10 Pr -> q10 Pr >
q10 Cr -> q10 Cr >
q11 Pr -> q12 Pr <
q11 Cr -> q12 Cr <
q11 * -> q12 * <
q11 0 -> q11 0 >
q11 1 -> q11 1 >
q12 # -> q18 # <
q12 0 -> q13 Pr <
q12 1 -> q15 Cr <
q13 # -> q14 # <
q13 0 -> q13 0 <
q13 1 -> q13 1 <
q14 # -> q10 Pr >
q14 0 -> q10 Pr >
q14 1 -> q10 Cr >
q14 Pr -> q14 Pr <
q14 Cr -> q14 Cr <
q15 # -> q16 # <
q15 0 -> q15 0 <
q15 1 -> q15 1 <
q16 # -> q10 Cr >
q16 0 -> q10 Cr >
q16 1 -> q17 Pr <
q16 Pr -> q16 Pr <
q16 Cr -> q16 Cr <
q17 # -> q10 1 >
q17 0 -> q10 1 >
q17 1 -> q17 0 <
q18 # -> q5 # >
q18 0 -> q5 0 >
q18 1 -> q5 1 >
q18 Pr -> q18 0 <
q18 Cr -> q18 1 <
q19 Pr -> q19 0 >
q19 Cr -> q19 1 >
q19 * -> q0 * >
