3
S _ _ _ -> AC _ ^ _ ^ _ ^
S 0 _ _ -> q0 0 ^ _ ^ _ ^
S 1 _ _ -> q0 1 ^ _ ^ _ ^
S | _ _ -> q0 | ^ _ ^ _ ^
q0 0 _ _ -> q0 0 > 0 > _ ^
q0 1 _ _ -> q0 1 > 1 > _ ^
q0 | _ _ -> q0 | > | > _ ^
q0 _ _ _ -> q9 _ < _ < _ ^
q1 0 0 _ -> q1 0 < 0 < _ ^
q1 0 1 _ -> q5 0 > 1 > _ ^
q1 1 0 _ -> q1 1 < 0 < _ ^
q1 1 1 _ -> q5 1 > 1 > _ ^
q1 | | _ -> q2 | > | > _ ^
q1 A A _ -> q8 A < A < _ ^
q1 _ _ _ -> q2 _ > _ > _ ^
q2 0 0 _ -> q2 A > A > 0 >
q2 1 0 _ -> q2 A > A > 1 >
q2 | | _ -> q3 | < | < | >
q2 _ _ _ -> q3 _ < _ < | >
q3 A A _ -> q3 A < A < _ ^
q3 | | _ -> q1 | < | < _ ^
q3 _ _ _ -> q4 _ > _ > _ ^
q4 A A _ -> q4 A > A > _ ^
q4 0 0 _ -> q4 0 > 0 > _ ^
q4 0 1 _ -> q4 0 > 1 > _ ^
q4 1 0 _ -> q4 1 > 0 > _ ^
q4 1 1 _ -> q4 1 > 1 > _ ^
q4 | | _ -> q4 | > | > _ ^
q4 _ _ _ -> q9 _ < _ < _ ^
q5 0 0 _ -> q5 0 > 0 > _ ^
q5 0 1 _ -> q5 0 > 1 > _ ^
q5 1 0 _ -> q5 1 > 0 > _ ^
q5 1 1 _ -> q5 1 > 1 > _ ^
q5 _ _ _ -> q6 _ < _ < _ ^
q5 | | _ -> q6 | < | < _ ^
q6 0 0 _ -> q6 0 < 1 < _ ^
q6 0 1 _ -> q7 0 < 0 < _ ^
q6 1 0 _ -> q6 1 < 1 < _ ^
q6 1 1 _ -> q7 1 < 0 < _ ^
q7 0 0 _ -> q7 0 < 0 < _ ^
q7 0 1 _ -> q7 0 < 1 < _ ^
q7 1 0 _ -> q7 1 < 0 < _ ^
q7 1 1 _ -> q7 1 < 1 < _ ^
q7 | | _ -> q1 | < | < _ ^
q7 _ _ _ -> q4 _ > _ > _ ^
q8 A A _ -> q8 A < A < _ ^
q8 | | _ -> q1 | < | < _ ^
q8 _ _ _ -> q4 _ > _ > _ ^
q9 0 0 _ -> q10 0 > 0 > _ ^
q9 0 1 _ -> q10 0 > 1 > _ ^
q9 1 0 _ -> q10 1 > 0 > _ ^
q9 1 1 _ -> q10 1 > 1 > _ ^
q9 A A _ -> q9 A < A < _ ^
q9 | | _ -> q9 | < | < _ ^
q9 _ _ _ -> q11 _ > _ ^ _ ^
q10 A A _ -> q10 A > A > _ ^
q10 0 0 _ -> q10 0 > 0 > _ ^
q10 0 1 _ -> q10 0 > 1 > _ ^
q10 1 0 _ -> q10 1 > 0 > _ ^
q10 1 1 _ -> q10 1 > 1 > _ ^
q10 | | _ -> q10 | > | > _ ^
q10 _ _ _ -> q1 _ < _ < _ ^
q11 A _ _ -> q11 A > _ ^ _ ^
q11 | _ _ -> q11 A > _ ^ _ ^
q11 _ _ _ -> q12 _ ^ _ ^ _ <
q12 _ _ | -> q13 _ < _ ^ _ <
q13 A _ 0 -> q13 0 < _ ^ 0 <
q13 A _ 1 -> q13 1 < _ ^ 1 <
q13 A _ | -> q13 | < _ ^ | <
q13 _ _ _ -> AC _ > _ ^ _ ^
